This is pdfTeX, Version 3.14159265-2.6-1.40.18 (MiKTeX 2.9.6350 64-bit) (preloaded format=pdflatex 2017.8.21)  6 MAR 2019 09:44
entering extended mode
**./Slides_Dec2018.tex
(Slides_Dec2018.tex
LaTeX2e <2017-04-15>
Babel <3.10> and hyphenation patterns for 75 language(s) loaded.
(C:\Users\th3\AppData\Roaming\MiKTeX\2.9\tex\latex\beamer\beamer.cls
Document Class: beamer 2017/08/22 v3.43 A class for typesetting presentations
(C:\Users\th3\AppData\Roaming\MiKTeX\2.9\tex\latex\beamer\beamerbasemodes.sty
(C:\Users\th3\AppData\Roaming\MiKTeX\2.9\tex\latex\etoolbox\etoolbox.sty
Package: etoolbox 2017/01/02 v2.4 e-TeX tools for LaTeX (JAW)
\etb@tempcnta=\count79
)
\beamer@tempbox=\box26
\beamer@tempcount=\count80
\c@beamerpauses=\count81

(C:\Users\th3\AppData\Roaming\MiKTeX\2.9\tex\latex\beamer\beamerbasedecode.sty
\beamer@slideinframe=\count82
\beamer@minimum=\count83
)
\beamer@commentbox=\box27
\beamer@modecount=\count84
) ("C:\Program Files\MiKTeX 2.9\tex\generic\oberdiek\ifpdf.sty"
Package: ifpdf 2017/03/15 v3.2 Provides the ifpdf switch
)
\headdp=\dimen102
\footheight=\dimen103
\sidebarheight=\dimen104
\beamer@tempdim=\dimen105
\beamer@finalheight=\dimen106
\beamer@animht=\dimen107
\beamer@animdp=\dimen108
\beamer@animwd=\dimen109
\beamer@leftmargin=\dimen110
\beamer@rightmargin=\dimen111
\beamer@leftsidebar=\dimen112
\beamer@rightsidebar=\dimen113
\beamer@boxsize=\dimen114
\beamer@vboxoffset=\dimen115
\beamer@descdefault=\dimen116
\beamer@descriptionwidth=\dimen117
\beamer@lastskip=\skip41
\beamer@areabox=\box28
\beamer@animcurrent=\box29
\beamer@animshowbox=\box30
\beamer@sectionbox=\box31
\beamer@logobox=\box32
\beamer@linebox=\box33
\beamer@sectioncount=\count85
\beamer@subsubsectionmax=\count86
\beamer@subsectionmax=\count87
\beamer@sectionmax=\count88
\beamer@totalheads=\count89
\beamer@headcounter=\count90
\beamer@partstartpage=\count91
\beamer@sectionstartpage=\count92
\beamer@subsectionstartpage=\count93
\beamer@animationtempa=\count94
\beamer@animationtempb=\count95
\beamer@xpos=\count96
\beamer@ypos=\count97
\beamer@showpartnumber=\count98
\beamer@currentsubsection=\count99
\beamer@coveringdepth=\count100
\beamer@sectionadjust=\count101
\beamer@tocsectionnumber=\count102

(C:\Users\th3\AppData\Roaming\MiKTeX\2.9\tex\latex\beamer\beamerbaseoptions.sty
("C:\Program Files\MiKTeX 2.9\tex\latex\graphics\keyval.sty"
Package: keyval 2014/10/28 v1.15 key=value parser (DPC)
\KV@toks@=\toks14
))
\beamer@paperwidth=\skip42
\beamer@paperheight=\skip43

("C:\Program Files\MiKTeX 2.9\tex\latex\geometry\geometry.sty"
Package: geometry 2010/09/12 v5.6 Page Geometry

("C:\Program Files\MiKTeX 2.9\tex\generic\oberdiek\ifvtex.sty"
Package: ifvtex 2016/05/16 v1.6 Detect VTeX and its facilities (HO)
Package ifvtex Info: VTeX not detected.
)
("C:\Program Files\MiKTeX 2.9\tex\generic\ifxetex\ifxetex.sty"
Package: ifxetex 2010/09/12 v0.6 Provides ifxetex conditional
)
\Gm@cnth=\count103
\Gm@cntv=\count104
\c@Gm@tempcnt=\count105
\Gm@bindingoffset=\dimen118
\Gm@wd@mp=\dimen119
\Gm@odd@mp=\dimen120
\Gm@even@mp=\dimen121
\Gm@layoutwidth=\dimen122
\Gm@layoutheight=\dimen123
\Gm@layouthoffset=\dimen124
\Gm@layoutvoffset=\dimen125
\Gm@dimlist=\toks15

("C:\Program Files\MiKTeX 2.9\tex\latex\geometry\geometry.cfg"))
("C:\Program Files\MiKTeX 2.9\tex\latex\base\size11.clo"
File: size11.clo 2014/09/29 v1.4h Standard LaTeX file (size option)
)
(C:\Users\th3\AppData\Roaming\MiKTeX\2.9\tex\latex\pgf\basiclayer\pgfcore.sty
("C:\Program Files\MiKTeX 2.9\tex\latex\graphics\graphicx.sty"
Package: graphicx 2014/10/28 v1.0g Enhanced LaTeX Graphics (DPC,SPQR)

("C:\Program Files\MiKTeX 2.9\tex\latex\graphics\graphics.sty"
Package: graphics 2017/04/14 v1.1b Standard LaTeX Graphics (DPC,SPQR)

("C:\Program Files\MiKTeX 2.9\tex\latex\graphics\trig.sty"
Package: trig 2016/01/03 v1.10 sin cos tan (DPC)
)
("C:\Program Files\MiKTeX 2.9\tex\latex\graphics-cfg\graphics.cfg"
File: graphics.cfg 2016/06/04 v1.11 sample graphics configuration
)
Package graphics Info: Driver file: pdftex.def on input line 99.

("C:\Program Files\MiKTeX 2.9\tex\latex\graphics-def\pdftex.def"
File: pdftex.def 2017/01/12 v0.06k Graphics/color for pdfTeX

("C:\Program Files\MiKTeX 2.9\tex\generic\oberdiek\infwarerr.sty"
Package: infwarerr 2016/05/16 v1.4 Providing info/warning/error messages (HO)
)
("C:\Program Files\MiKTeX 2.9\tex\generic\oberdiek\ltxcmds.sty"
Package: ltxcmds 2016/05/16 v1.23 LaTeX kernel commands for general use (HO)
)
\Gread@gobject=\count106
))
\Gin@req@height=\dimen126
\Gin@req@width=\dimen127
)
(C:\Users\th3\AppData\Roaming\MiKTeX\2.9\tex\latex\pgf\systemlayer\pgfsys.sty
(C:\Users\th3\AppData\Roaming\MiKTeX\2.9\tex\latex\pgf\utilities\pgfrcs.sty
(C:\Users\th3\AppData\Roaming\MiKTeX\2.9\tex\generic\pgf\utilities\pgfutil-comm
on.tex
\pgfutil@everybye=\toks16
\pgfutil@tempdima=\dimen128
\pgfutil@tempdimb=\dimen129

(C:\Users\th3\AppData\Roaming\MiKTeX\2.9\tex\generic\pgf\utilities\pgfutil-comm
on-lists.tex))
(C:\Users\th3\AppData\Roaming\MiKTeX\2.9\tex\generic\pgf\utilities\pgfutil-late
x.def
\pgfutil@abb=\box34
 (C:\Users\th3\AppData\Roaming\MiKTeX\2.9\tex\latex\ms\everyshi.sty
Package: everyshi 2001/05/15 v3.00 EveryShipout Package (MS)
))
(C:\Users\th3\AppData\Roaming\MiKTeX\2.9\tex\generic\pgf\utilities\pgfrcs.code.
tex
Package: pgfrcs 2015/08/07 v3.0.1a (rcs-revision 1.31)
))
(C:\Users\th3\AppData\Roaming\MiKTeX\2.9\tex\generic\pgf\systemlayer\pgfsys.cod
e.tex
Package: pgfsys 2014/07/09 v3.0.1a (rcs-revision 1.48)

(C:\Users\th3\AppData\Roaming\MiKTeX\2.9\tex\generic\pgf\utilities\pgfkeys.code
.tex
\pgfkeys@pathtoks=\toks17
\pgfkeys@temptoks=\toks18

(C:\Users\th3\AppData\Roaming\MiKTeX\2.9\tex\generic\pgf\utilities\pgfkeysfilte
red.code.tex
\pgfkeys@tmptoks=\toks19
))
\pgf@x=\dimen130
\pgf@y=\dimen131
\pgf@xa=\dimen132
\pgf@ya=\dimen133
\pgf@xb=\dimen134
\pgf@yb=\dimen135
\pgf@xc=\dimen136
\pgf@yc=\dimen137
\w@pgf@writea=\write3
\r@pgf@reada=\read1
\c@pgf@counta=\count107
\c@pgf@countb=\count108
\c@pgf@countc=\count109
\c@pgf@countd=\count110
\t@pgf@toka=\toks20
\t@pgf@tokb=\toks21
\t@pgf@tokc=\toks22

(C:\Users\th3\AppData\Roaming\MiKTeX\2.9\tex\generic\pgf\systemlayer\pgf.cfg
File: pgf.cfg 2008/05/14  (rcs-revision 1.7)
)
Driver file for pgf: pgfsys-pdftex.def

(C:\Users\th3\AppData\Roaming\MiKTeX\2.9\tex\generic\pgf\systemlayer\pgfsys-pdf
tex.def
File: pgfsys-pdftex.def 2014/10/11  (rcs-revision 1.35)

(C:\Users\th3\AppData\Roaming\MiKTeX\2.9\tex\generic\pgf\systemlayer\pgfsys-com
mon-pdf.def
File: pgfsys-common-pdf.def 2013/10/10  (rcs-revision 1.13)
)))
(C:\Users\th3\AppData\Roaming\MiKTeX\2.9\tex\generic\pgf\systemlayer\pgfsyssoft
path.code.tex
File: pgfsyssoftpath.code.tex 2013/09/09  (rcs-revision 1.9)
\pgfsyssoftpath@smallbuffer@items=\count111
\pgfsyssoftpath@bigbuffer@items=\count112
)
(C:\Users\th3\AppData\Roaming\MiKTeX\2.9\tex\generic\pgf\systemlayer\pgfsysprot
ocol.code.tex
File: pgfsysprotocol.code.tex 2006/10/16  (rcs-revision 1.4)
))
(C:\Users\th3\AppData\Roaming\MiKTeX\2.9\tex\latex\xcolor\xcolor.sty
Package: xcolor 2016/05/11 v2.12 LaTeX color extensions (UK)

("C:\Program Files\MiKTeX 2.9\tex\latex\graphics-cfg\color.cfg"
File: color.cfg 2016/01/02 v1.6 sample color configuration
)
Package xcolor Info: Driver file: pdftex.def on input line 225.
Package xcolor Info: Model `cmy' substituted by `cmy0' on input line 1348.
Package xcolor Info: Model `hsb' substituted by `rgb' on input line 1352.
Package xcolor Info: Model `RGB' extended on input line 1364.
Package xcolor Info: Model `HTML' substituted by `rgb' on input line 1366.
Package xcolor Info: Model `Hsb' substituted by `hsb' on input line 1367.
Package xcolor Info: Model `tHsb' substituted by `hsb' on input line 1368.
Package xcolor Info: Model `HSB' substituted by `hsb' on input line 1369.
Package xcolor Info: Model `Gray' substituted by `gray' on input line 1370.
Package xcolor Info: Model `wave' substituted by `hsb' on input line 1371.
)
(C:\Users\th3\AppData\Roaming\MiKTeX\2.9\tex\generic\pgf\basiclayer\pgfcore.cod
e.tex
Package: pgfcore 2010/04/11 v3.0.1a (rcs-revision 1.7)

(C:\Users\th3\AppData\Roaming\MiKTeX\2.9\tex\generic\pgf\math\pgfmath.code.tex
(C:\Users\th3\AppData\Roaming\MiKTeX\2.9\tex\generic\pgf\math\pgfmathcalc.code.
tex
(C:\Users\th3\AppData\Roaming\MiKTeX\2.9\tex\generic\pgf\math\pgfmathutil.code.
tex)
(C:\Users\th3\AppData\Roaming\MiKTeX\2.9\tex\generic\pgf\math\pgfmathparser.cod
e.tex
\pgfmath@dimen=\dimen138
\pgfmath@count=\count113
\pgfmath@box=\box35
\pgfmath@toks=\toks23
\pgfmath@stack@operand=\toks24
\pgfmath@stack@operation=\toks25
)
(C:\Users\th3\AppData\Roaming\MiKTeX\2.9\tex\generic\pgf\math\pgfmathfunctions.
code.tex
(C:\Users\th3\AppData\Roaming\MiKTeX\2.9\tex\generic\pgf\math\pgfmathfunctions.
basic.code.tex)
(C:\Users\th3\AppData\Roaming\MiKTeX\2.9\tex\generic\pgf\math\pgfmathfunctions.
trigonometric.code.tex)
(C:\Users\th3\AppData\Roaming\MiKTeX\2.9\tex\generic\pgf\math\pgfmathfunctions.
random.code.tex)
(C:\Users\th3\AppData\Roaming\MiKTeX\2.9\tex\generic\pgf\math\pgfmathfunctions.
comparison.code.tex)
(C:\Users\th3\AppData\Roaming\MiKTeX\2.9\tex\generic\pgf\math\pgfmathfunctions.
base.code.tex)
(C:\Users\th3\AppData\Roaming\MiKTeX\2.9\tex\generic\pgf\math\pgfmathfunctions.
round.code.tex)
(C:\Users\th3\AppData\Roaming\MiKTeX\2.9\tex\generic\pgf\math\pgfmathfunctions.
misc.code.tex)
(C:\Users\th3\AppData\Roaming\MiKTeX\2.9\tex\generic\pgf\math\pgfmathfunctions.
integerarithmetics.code.tex)))
(C:\Users\th3\AppData\Roaming\MiKTeX\2.9\tex\generic\pgf\math\pgfmathfloat.code
.tex
\c@pgfmathroundto@lastzeros=\count114
))
(C:\Users\th3\AppData\Roaming\MiKTeX\2.9\tex\generic\pgf\basiclayer\pgfcorepoin
ts.code.tex
File: pgfcorepoints.code.tex 2013/10/07  (rcs-revision 1.27)
\pgf@picminx=\dimen139
\pgf@picmaxx=\dimen140
\pgf@picminy=\dimen141
\pgf@picmaxy=\dimen142
\pgf@pathminx=\dimen143
\pgf@pathmaxx=\dimen144
\pgf@pathminy=\dimen145
\pgf@pathmaxy=\dimen146
\pgf@xx=\dimen147
\pgf@xy=\dimen148
\pgf@yx=\dimen149
\pgf@yy=\dimen150
\pgf@zx=\dimen151
\pgf@zy=\dimen152
)
(C:\Users\th3\AppData\Roaming\MiKTeX\2.9\tex\generic\pgf\basiclayer\pgfcorepath
construct.code.tex
File: pgfcorepathconstruct.code.tex 2013/10/07  (rcs-revision 1.29)
\pgf@path@lastx=\dimen153
\pgf@path@lasty=\dimen154
)
(C:\Users\th3\AppData\Roaming\MiKTeX\2.9\tex\generic\pgf\basiclayer\pgfcorepath
usage.code.tex
File: pgfcorepathusage.code.tex 2014/11/02  (rcs-revision 1.24)
\pgf@shorten@end@additional=\dimen155
\pgf@shorten@start@additional=\dimen156
)
(C:\Users\th3\AppData\Roaming\MiKTeX\2.9\tex\generic\pgf\basiclayer\pgfcorescop
es.code.tex
File: pgfcorescopes.code.tex 2015/05/08  (rcs-revision 1.46)
\pgfpic=\box36
\pgf@hbox=\box37
\pgf@layerbox@main=\box38
\pgf@picture@serial@count=\count115
)
(C:\Users\th3\AppData\Roaming\MiKTeX\2.9\tex\generic\pgf\basiclayer\pgfcoregrap
hicstate.code.tex
File: pgfcoregraphicstate.code.tex 2014/11/02  (rcs-revision 1.12)
\pgflinewidth=\dimen157
)
(C:\Users\th3\AppData\Roaming\MiKTeX\2.9\tex\generic\pgf\basiclayer\pgfcoretran
sformations.code.tex
File: pgfcoretransformations.code.tex 2015/08/07  (rcs-revision 1.20)
\pgf@pt@x=\dimen158
\pgf@pt@y=\dimen159
\pgf@pt@temp=\dimen160
)
(C:\Users\th3\AppData\Roaming\MiKTeX\2.9\tex\generic\pgf\basiclayer\pgfcorequic
k.code.tex
File: pgfcorequick.code.tex 2008/10/09  (rcs-revision 1.3)
)
(C:\Users\th3\AppData\Roaming\MiKTeX\2.9\tex\generic\pgf\basiclayer\pgfcoreobje
cts.code.tex
File: pgfcoreobjects.code.tex 2006/10/11  (rcs-revision 1.2)
)
(C:\Users\th3\AppData\Roaming\MiKTeX\2.9\tex\generic\pgf\basiclayer\pgfcorepath
processing.code.tex
File: pgfcorepathprocessing.code.tex 2013/09/09  (rcs-revision 1.9)
)
(C:\Users\th3\AppData\Roaming\MiKTeX\2.9\tex\generic\pgf\basiclayer\pgfcorearro
ws.code.tex
File: pgfcorearrows.code.tex 2015/05/14  (rcs-revision 1.43)
\pgfarrowsep=\dimen161
)
(C:\Users\th3\AppData\Roaming\MiKTeX\2.9\tex\generic\pgf\basiclayer\pgfcoreshad
e.code.tex
File: pgfcoreshade.code.tex 2013/07/15  (rcs-revision 1.15)
\pgf@max=\dimen162
\pgf@sys@shading@range@num=\count116
)
(C:\Users\th3\AppData\Roaming\MiKTeX\2.9\tex\generic\pgf\basiclayer\pgfcoreimag
e.code.tex
File: pgfcoreimage.code.tex 2013/07/15  (rcs-revision 1.18)

(C:\Users\th3\AppData\Roaming\MiKTeX\2.9\tex\generic\pgf\basiclayer\pgfcoreexte
rnal.code.tex
File: pgfcoreexternal.code.tex 2014/07/09  (rcs-revision 1.21)
\pgfexternal@startupbox=\box39
))
(C:\Users\th3\AppData\Roaming\MiKTeX\2.9\tex\generic\pgf\basiclayer\pgfcorelaye
rs.code.tex
File: pgfcorelayers.code.tex 2013/07/18  (rcs-revision 1.7)
)
(C:\Users\th3\AppData\Roaming\MiKTeX\2.9\tex\generic\pgf\basiclayer\pgfcoretran
sparency.code.tex
File: pgfcoretransparency.code.tex 2013/09/30  (rcs-revision 1.5)
)
(C:\Users\th3\AppData\Roaming\MiKTeX\2.9\tex\generic\pgf\basiclayer\pgfcorepatt
erns.code.tex
File: pgfcorepatterns.code.tex 2013/11/07  (rcs-revision 1.5)
)))
(C:\Users\th3\AppData\Roaming\MiKTeX\2.9\tex\latex\pgf\utilities\xxcolor.sty
Package: xxcolor 2003/10/24 ver 0.1
\XC@nummixins=\count117
\XC@countmixins=\count118
)
("C:\Program Files\MiKTeX 2.9\tex\generic\oberdiek\atbegshi.sty"
Package: atbegshi 2016/06/09 v1.18 At begin shipout hook (HO)
)
("C:\Program Files\MiKTeX 2.9\tex\latex\hyperref\hyperref.sty"
Package: hyperref 2017/03/14 v6.85a Hypertext links for LaTeX

("C:\Program Files\MiKTeX 2.9\tex\generic\oberdiek\hobsub-hyperref.sty"
Package: hobsub-hyperref 2016/05/16 v1.14 Bundle oberdiek, subset hyperref (HO)


("C:\Program Files\MiKTeX 2.9\tex\generic\oberdiek\hobsub-generic.sty"
Package: hobsub-generic 2016/05/16 v1.14 Bundle oberdiek, subset generic (HO)
Package: hobsub 2016/05/16 v1.14 Construct package bundles (HO)
Package hobsub Info: Skipping package `infwarerr' (already loaded).
Package hobsub Info: Skipping package `ltxcmds' (already loaded).
Package: ifluatex 2016/05/16 v1.4 Provides the ifluatex switch (HO)
Package ifluatex Info: LuaTeX not detected.
Package hobsub Info: Skipping package `ifvtex' (already loaded).
Package: intcalc 2016/05/16 v1.2 Expandable calculations with integers (HO)
Package hobsub Info: Skipping package `ifpdf' (already loaded).
Package: etexcmds 2016/05/16 v1.6 Avoid name clashes with e-TeX commands (HO)
Package etexcmds Info: Could not find \expanded.
(etexcmds)             That can mean that you are not using pdfTeX 1.50 or
(etexcmds)             that some package has redefined \expanded.
(etexcmds)             In the latter case, load this package earlier.
Package: kvsetkeys 2016/05/16 v1.17 Key value parser (HO)
Package: kvdefinekeys 2016/05/16 v1.4 Define keys (HO)
Package: pdftexcmds 2017/03/19 v0.25 Utility functions of pdfTeX for LuaTeX (HO
)
Package pdftexcmds Info: LuaTeX not detected.
Package pdftexcmds Info: \pdf@primitive is available.
Package pdftexcmds Info: \pdf@ifprimitive is available.
Package pdftexcmds Info: \pdfdraftmode found.
Package: pdfescape 2016/05/16 v1.14 Implements pdfTeX's escape features (HO)
Package: bigintcalc 2016/05/16 v1.4 Expandable calculations on big integers (HO
)
Package: bitset 2016/05/16 v1.2 Handle bit-vector datatype (HO)
Package: uniquecounter 2016/05/16 v1.3 Provide unlimited unique counter (HO)
)
Package hobsub Info: Skipping package `hobsub' (already loaded).
Package: letltxmacro 2016/05/16 v1.5 Let assignment for LaTeX macros (HO)
Package: hopatch 2016/05/16 v1.3 Wrapper for package hooks (HO)
Package: xcolor-patch 2016/05/16 xcolor patch
Package: atveryend 2016/05/16 v1.9 Hooks at the very end of document (HO)
Package hobsub Info: Skipping package `atbegshi' (already loaded).
Package: refcount 2016/05/16 v3.5 Data extraction from label references (HO)
Package: hycolor 2016/05/16 v1.8 Color options for hyperref/bookmark (HO)
)
("C:\Program Files\MiKTeX 2.9\tex\latex\oberdiek\auxhook.sty"
Package: auxhook 2016/05/16 v1.4 Hooks for auxiliary files (HO)
)
("C:\Program Files\MiKTeX 2.9\tex\latex\oberdiek\kvoptions.sty"
Package: kvoptions 2016/05/16 v3.12 Key value format for package options (HO)
)
\@linkdim=\dimen163
\Hy@linkcounter=\count119
\Hy@pagecounter=\count120

("C:\Program Files\MiKTeX 2.9\tex\latex\hyperref\pd1enc.def"
File: pd1enc.def 2017/03/14 v6.85a Hyperref: PDFDocEncoding definition (HO)
)
\Hy@SavedSpaceFactor=\count121

("C:\Program Files\MiKTeX 2.9\tex\latex\00miktex\hyperref.cfg"
File: hyperref.cfg 2002/06/06 v1.2 hyperref configuration of TeXLive
)
Package hyperref Info: Option `bookmarks' set `true' on input line 4374.
Package hyperref Info: Option `bookmarksopen' set `true' on input line 4374.
Package hyperref Info: Option `implicit' set `false' on input line 4374.
Package hyperref Info: Hyper figures OFF on input line 4498.
Package hyperref Info: Link nesting OFF on input line 4503.
Package hyperref Info: Hyper index ON on input line 4506.
Package hyperref Info: Plain pages OFF on input line 4513.
Package hyperref Info: Backreferencing OFF on input line 4518.
Package hyperref Info: Implicit mode OFF; no redefinition of LaTeX internals.
Package hyperref Info: Bookmarks ON on input line 4751.
\c@Hy@tempcnt=\count122

(C:\Users\th3\AppData\Roaming\MiKTeX\2.9\tex\latex\url\url.sty
\Urlmuskip=\muskip10
Package: url 2013/09/16  ver 3.4  Verb mode for urls, etc.
)
LaTeX Info: Redefining \url on input line 5104.
\XeTeXLinkMargin=\dimen164
\Fld@menulength=\count123
\Field@Width=\dimen165
\Fld@charsize=\dimen166
Package hyperref Info: Hyper figures OFF on input line 6358.
Package hyperref Info: Link nesting OFF on input line 6363.
Package hyperref Info: Hyper index ON on input line 6366.
Package hyperref Info: backreferencing OFF on input line 6373.
Package hyperref Info: Link coloring OFF on input line 6378.
Package hyperref Info: Link coloring with OCG OFF on input line 6383.
Package hyperref Info: PDF/A mode OFF on input line 6388.
LaTeX Info: Redefining \ref on input line 6428.
LaTeX Info: Redefining \pageref on input line 6432.
\Hy@abspage=\count124


Package hyperref Message: Stopped early.

)

Package hyperref Message: Driver (autodetected): hpdftex.

("C:\Program Files\MiKTeX 2.9\tex\latex\hyperref\hpdftex.def"
File: hpdftex.def 2017/03/14 v6.85a Hyperref driver for pdfTeX
\Fld@listcount=\count125
\c@bookmark@seq@number=\count126

("C:\Program Files\MiKTeX 2.9\tex\latex\oberdiek\rerunfilecheck.sty"
Package: rerunfilecheck 2016/05/16 v1.8 Rerun checks for auxiliary files (HO)
Package uniquecounter Info: New unique counter `rerunfilecheck' on input line 2
82.
))
(C:\Users\th3\AppData\Roaming\MiKTeX\2.9\tex\latex\beamer\beamerbaserequires.st
y
(C:\Users\th3\AppData\Roaming\MiKTeX\2.9\tex\latex\beamer\beamerbasecompatibili
ty.sty)
(C:\Users\th3\AppData\Roaming\MiKTeX\2.9\tex\latex\beamer\beamerbasefont.sty
("C:\Program Files\MiKTeX 2.9\tex\latex\amsfonts\amssymb.sty"
Package: amssymb 2013/01/14 v3.01 AMS font symbols

("C:\Program Files\MiKTeX 2.9\tex\latex\amsfonts\amsfonts.sty"
Package: amsfonts 2013/01/14 v3.01 Basic AMSFonts support
\@emptytoks=\toks26
\symAMSa=\mathgroup4
\symAMSb=\mathgroup5
LaTeX Font Info:    Overwriting math alphabet `\mathfrak' in version `bold'
(Font)                  U/euf/m/n --> U/euf/b/n on input line 106.
))
(C:\Users\th3\AppData\Roaming\MiKTeX\2.9\tex\latex\sansmathaccent\sansmathaccen
t.sty
Package: sansmathaccent 2013/03/28
 (C:\Users\th3\AppData\Roaming\MiKTeX\2.9\tex\latex\filehook\filehook.sty
Package: filehook 2011/10/12 v0.5d Hooks for input files
)))
(C:\Users\th3\AppData\Roaming\MiKTeX\2.9\tex\latex\beamer\beamerbasetranslator.
sty
(C:\Users\th3\AppData\Roaming\MiKTeX\2.9\tex\latex\beamer\translator\translator
.sty
Package: translator 2010/06/12 ver 1.10

(C:\Users\th3\AppData\Roaming\MiKTeX\2.9\tex\latex\beamer\translator\translator
-language-mappings.tex)))
(C:\Users\th3\AppData\Roaming\MiKTeX\2.9\tex\latex\beamer\beamerbasemisc.sty)
(C:\Users\th3\AppData\Roaming\MiKTeX\2.9\tex\latex\beamer\beamerbasetwoscreens.
sty)
(C:\Users\th3\AppData\Roaming\MiKTeX\2.9\tex\latex\beamer\beamerbaseoverlay.sty
\beamer@argscount=\count127
\beamer@lastskipcover=\skip44
\beamer@trivlistdepth=\count128
) (C:\Users\th3\AppData\Roaming\MiKTeX\2.9\tex\latex\beamer\beamerbasetitle.sty
)
(C:\Users\th3\AppData\Roaming\MiKTeX\2.9\tex\latex\beamer\beamerbasesection.sty
\c@lecture=\count129
\c@part=\count130
\c@section=\count131
\c@subsection=\count132
\c@subsubsection=\count133
) (C:\Users\th3\AppData\Roaming\MiKTeX\2.9\tex\latex\beamer\beamerbaseframe.sty
\beamer@framebox=\box40
\beamer@frametitlebox=\box41
\beamer@zoombox=\box42
\beamer@zoomcount=\count134
\beamer@zoomframecount=\count135
\beamer@frametextheight=\dimen167
\c@subsectionslide=\count136
\beamer@frametopskip=\skip45
\beamer@framebottomskip=\skip46
\beamer@frametopskipautobreak=\skip47
\beamer@framebottomskipautobreak=\skip48
\beamer@envbody=\toks27
\framewidth=\dimen168
\c@framenumber=\count137
)
(C:\Users\th3\AppData\Roaming\MiKTeX\2.9\tex\latex\beamer\beamerbaseverbatim.st
y
\beamer@verbatimfileout=\write4
)
(C:\Users\th3\AppData\Roaming\MiKTeX\2.9\tex\latex\beamer\beamerbaseframesize.s
ty
\beamer@splitbox=\box43
\beamer@autobreakcount=\count138
\beamer@autobreaklastheight=\dimen169
\beamer@frametitletoks=\toks28
\beamer@framesubtitletoks=\toks29
)
(C:\Users\th3\AppData\Roaming\MiKTeX\2.9\tex\latex\beamer\beamerbaseframecompon
ents.sty
\beamer@footins=\box44
)
(C:\Users\th3\AppData\Roaming\MiKTeX\2.9\tex\latex\beamer\beamerbasecolor.sty
\beamer@bg@ht=\dimen170
\beamer@bg@wd=\dimen171
\beamer@bg@dp=\dimen172
)
(C:\Users\th3\AppData\Roaming\MiKTeX\2.9\tex\latex\beamer\beamerbasenotes.sty
\beamer@frameboxcopy=\box45
)
(C:\Users\th3\AppData\Roaming\MiKTeX\2.9\tex\latex\beamer\beamerbasetoc.sty)
(C:\Users\th3\AppData\Roaming\MiKTeX\2.9\tex\latex\beamer\beamerbasetemplates.s
ty
\beamer@sbttoks=\toks30

(C:\Users\th3\AppData\Roaming\MiKTeX\2.9\tex\latex\beamer\beamerbaseauxtemplate
s.sty
(C:\Users\th3\AppData\Roaming\MiKTeX\2.9\tex\latex\beamer\beamerbaseboxes.sty
\bmb@box=\box46
\bmb@colorbox=\box47
\bmb@boxshadow=\box48
\bmb@boxshadowball=\box49
\bmb@boxshadowballlarge=\box50
\bmb@temp=\dimen173
\bmb@dima=\dimen174
\bmb@dimb=\dimen175
\bmb@prevheight=\dimen176
)
\beamer@blockheadheight=\dimen177
))
(C:\Users\th3\AppData\Roaming\MiKTeX\2.9\tex\latex\beamer\beamerbaselocalstruct
ure.sty ("C:\Program Files\MiKTeX 2.9\tex\latex\tools\enumerate.sty"
Package: enumerate 2015/07/23 v3.00 enumerate extensions (DPC)
\@enLab=\toks31
)
\c@figure=\count139
\c@table=\count140
\abovecaptionskip=\skip49
\belowcaptionskip=\skip50
)
(C:\Users\th3\AppData\Roaming\MiKTeX\2.9\tex\latex\beamer\beamerbasenavigation.
sty
\beamer@section@min@dim=\dimen178
)
(C:\Users\th3\AppData\Roaming\MiKTeX\2.9\tex\latex\beamer\beamerbasetheorems.st
y ("C:\Program Files\MiKTeX 2.9\tex\latex\amsmath\amsmath.sty"
Package: amsmath 2016/11/05 v2.16a AMS math features
\@mathmargin=\skip51

For additional information on amsmath, use the `?' option.
("C:\Program Files\MiKTeX 2.9\tex\latex\amsmath\amstext.sty"
Package: amstext 2000/06/29 v2.01 AMS text

("C:\Program Files\MiKTeX 2.9\tex\latex\amsmath\amsgen.sty"
File: amsgen.sty 1999/11/30 v2.0 generic functions
\@emptytoks=\toks32
\ex@=\dimen179
))
("C:\Program Files\MiKTeX 2.9\tex\latex\amsmath\amsbsy.sty"
Package: amsbsy 1999/11/29 v1.2d Bold Symbols
\pmbraise@=\dimen180
)
("C:\Program Files\MiKTeX 2.9\tex\latex\amsmath\amsopn.sty"
Package: amsopn 2016/03/08 v2.02 operator names
)
\inf@bad=\count141
LaTeX Info: Redefining \frac on input line 213.
\uproot@=\count142
\leftroot@=\count143
LaTeX Info: Redefining \overline on input line 375.
\classnum@=\count144
\DOTSCASE@=\count145
LaTeX Info: Redefining \ldots on input line 472.
LaTeX Info: Redefining \dots on input line 475.
LaTeX Info: Redefining \cdots on input line 596.
\Mathstrutbox@=\box51
\strutbox@=\box52
\big@size=\dimen181
LaTeX Font Info:    Redeclaring font encoding OML on input line 712.
LaTeX Font Info:    Redeclaring font encoding OMS on input line 713.
\macc@depth=\count146
\c@MaxMatrixCols=\count147
\dotsspace@=\muskip11
\c@parentequation=\count148
\dspbrk@lvl=\count149
\tag@help=\toks33
\row@=\count150
\column@=\count151
\maxfields@=\count152
\andhelp@=\toks34
\eqnshift@=\dimen182
\alignsep@=\dimen183
\tagshift@=\dimen184
\tagwidth@=\dimen185
\totwidth@=\dimen186
\lineht@=\dimen187
\@envbody=\toks35
\multlinegap=\skip52
\multlinetaggap=\skip53
\mathdisplay@stack=\toks36
LaTeX Info: Redefining \[ on input line 2817.
LaTeX Info: Redefining \] on input line 2818.
)
("C:\Program Files\MiKTeX 2.9\tex\latex\amscls\amsthm.sty"
Package: amsthm 2015/03/04 v2.20.2
\thm@style=\toks37
\thm@bodyfont=\toks38
\thm@headfont=\toks39
\thm@notefont=\toks40
\thm@headpunct=\toks41
\thm@preskip=\skip54
\thm@postskip=\skip55
\thm@headsep=\skip56
\dth@everypar=\toks42
)
\c@theorem=\count153
)
(C:\Users\th3\AppData\Roaming\MiKTeX\2.9\tex\latex\beamer\beamerbasethemes.sty)
)
(C:\Users\th3\AppData\Roaming\MiKTeX\2.9\tex\latex\beamer\themes\theme\beamerth
emedefault.sty
(C:\Users\th3\AppData\Roaming\MiKTeX\2.9\tex\latex\beamer\themes\font\beamerfon
tthemedefault.sty)
(C:\Users\th3\AppData\Roaming\MiKTeX\2.9\tex\latex\beamer\themes\color\beamerco
lorthemedefault.sty)
(C:\Users\th3\AppData\Roaming\MiKTeX\2.9\tex\latex\beamer\themes\inner\beamerin
nerthemedefault.sty
\beamer@dima=\dimen188
\beamer@dimb=\dimen189
)
(C:\Users\th3\AppData\Roaming\MiKTeX\2.9\tex\latex\beamer\themes\outer\beamerou
terthemedefault.sty))) ("C:\Program Files\MiKTeX 2.9\tex\generic\babel\babel.st
y"
Package: babel 2017/05/19 3.10 The Babel package

*************************************
* Local config file bblopts.cfg used
*
(C:\Users\th3\AppData\Roaming\MiKTeX\2.9\tex\latex\arabi\bblopts.cfg
File: bblopts.cfg 2005/09/08 v0.1 add Arabic and Farsi to "declared" options of
 babel
)
("C:\Program Files\MiKTeX 2.9\tex\latex\babel-english\english.ldf"
Language: english 2017/01/24 v3.3q English support from the babel system

("C:\Program Files\MiKTeX 2.9\tex\generic\babel\babel.def"
File: babel.def 2017/05/19 3.10 Babel common definitions
\babel@savecnt=\count154
\U@D=\dimen190
LaTeX Info: Redefining \textlatin on input line 1648.
)
\l@canadian = a dialect from \language\l@american 
\l@australian = a dialect from \language\l@british 
\l@newzealand = a dialect from \language\l@british 
))
("C:\Program Files\MiKTeX 2.9\tex\latex\base\inputenc.sty"
Package: inputenc 2015/03/17 v1.2c Input encoding file
\inpenc@prehook=\toks43
\inpenc@posthook=\toks44

("C:\Program Files\MiKTeX 2.9\tex\latex\base\latin1.def"
File: latin1.def 2015/03/17 v1.2c Input encoding file
))
("C:\Program Files\MiKTeX 2.9\tex\latex\base\fontenc.sty"
Package: fontenc 2017/04/05 v2.0i Standard LaTeX package

("C:\Program Files\MiKTeX 2.9\tex\latex\base\t1enc.def"
File: t1enc.def 2017/04/05 v2.0i Standard LaTeX file
LaTeX Font Info:    Redeclaring font encoding T1 on input line 48.
))
(C:\Users\th3\AppData\Roaming\MiKTeX\2.9\tex\latex\booktabs\booktabs.sty
Package: booktabs 2005/04/14 v1.61803 publication quality tables
\heavyrulewidth=\dimen191
\lightrulewidth=\dimen192
\cmidrulewidth=\dimen193
\belowrulesep=\dimen194
\belowbottomsep=\dimen195
\aboverulesep=\dimen196
\abovetopsep=\dimen197
\cmidrulesep=\dimen198
\cmidrulekern=\dimen199
\defaultaddspace=\dimen256
\@cmidla=\count155
\@cmidlb=\count156
\@aboverulesep=\dimen257
\@belowrulesep=\dimen258
\@thisruleclass=\count157
\@lastruleclass=\count158
\@thisrulewidth=\dimen259
)
("C:\Program Files\MiKTeX 2.9\tex\latex\tools\verbatim.sty"
Package: verbatim 2014/10/28 v1.5q LaTeX2e package for verbatim enhancements
\every@verbatim=\toks45
\verbatim@line=\toks46
\verbatim@in@stream=\read2
)
(C:\Users\th3\AppData\Roaming\MiKTeX\2.9\tex\latex\caption\caption.sty
Package: caption 2016/02/21 v3.3-144 Customizing captions (AR)

(C:\Users\th3\AppData\Roaming\MiKTeX\2.9\tex\latex\caption\caption3.sty
Package: caption3 2016/05/22 v1.7-166 caption3 kernel (AR)
Package caption3 Info: TeX engine: e-TeX on input line 67.
\captionmargin=\dimen260
\captionmargin@=\dimen261
\captionwidth=\dimen262
\caption@tempdima=\dimen263
\caption@indent=\dimen264
\caption@parindent=\dimen265
\caption@hangindent=\dimen266
)
\c@ContinuedFloat=\count159
Package caption Info: beamer document class.
Package caption Info: hyperref package is loaded.
Package caption Info: Hyperref support is turned off
(caption)             because hyperref has stopped early.
)
("C:\Program Files\MiKTeX 2.9\tex\latex\float\float.sty"
Package: float 2001/11/08 v1.3d Float enhancements (AL)
\c@float@type=\count160
\float@exts=\toks47
\float@box=\box53
\@float@everytoks=\toks48
\@floatcapt=\box54
)
(C:\Users\th3\AppData\Roaming\MiKTeX\2.9\tex\latex\csquotes\csquotes.sty
Package: csquotes 2017/03/11 v5.2b context-sensitive quotations (JAW)
\csq@reset=\count161
\csq@gtype=\count162
\csq@glevel=\count163
\csq@qlevel=\count164
\csq@maxlvl=\count165
\csq@tshold=\count166
\csq@ltx@everypar=\toks49

(C:\Users\th3\AppData\Roaming\MiKTeX\2.9\tex\latex\csquotes\csquotes.def
File: csquotes.def 2017/03/11 v5.2b csquotes generic definitions (JAW)
)
Package csquotes Info: Trying to load configuration file 'csquotes.cfg'...
Package csquotes Info: ... configuration file loaded successfully.

(C:\Users\th3\AppData\Roaming\MiKTeX\2.9\tex\latex\csquotes\csquotes.cfg
File: csquotes.cfg 
))
(C:\Users\th3\AppData\Roaming\MiKTeX\2.9\tex\latex\subfigure\subfigure.sty
Package: subfigure 2002/07/30 v2.1.4 subfigure package
\subfigtopskip=\skip57
\subfigcapskip=\skip58
\subfigcaptopadj=\dimen267
\subfigbottomskip=\skip59
\subfigcapmargin=\dimen268
\subfiglabelskip=\skip60
\c@subfigure=\count167
\c@lofdepth=\count168
\c@subtable=\count169
\c@lotdepth=\count170

****************************************
* Local config file subfigure.cfg used *
****************************************
(C:\Users\th3\AppData\Roaming\MiKTeX\2.9\tex\latex\subfigure\subfigure.cfg)
\subfig@top=\skip61
\subfig@bottom=\skip62
)
("C:\Program Files\MiKTeX 2.9\tex\latex\tools\multicol.sty"
Package: multicol 2017/04/11 v1.8q multicolumn formatting (FMi)
\c@tracingmulticols=\count171
\mult@box=\box55
\multicol@leftmargin=\dimen269
\c@unbalance=\count172
\c@collectmore=\count173
\doublecol@number=\count174
\multicoltolerance=\count175
\multicolpretolerance=\count176
\full@width=\dimen270
\page@free=\dimen271
\premulticols=\dimen272
\postmulticols=\dimen273
\multicolsep=\skip63
\multicolbaselineskip=\skip64
\partial@page=\box56
\last@line=\box57
\maxbalancingoverflow=\dimen274
\mult@rightbox=\box58
\mult@grightbox=\box59
\mult@gfirstbox=\box60
\mult@firstbox=\box61
\@tempa=\box62
\@tempa=\box63
\@tempa=\box64
\@tempa=\box65
\@tempa=\box66
\@tempa=\box67
\@tempa=\box68
\@tempa=\box69
\@tempa=\box70
\@tempa=\box71
\@tempa=\box72
\@tempa=\box73
\@tempa=\box74
\@tempa=\box75
\@tempa=\box76
\@tempa=\box77
\@tempa=\box78
\c@columnbadness=\count177
\c@finalcolumnbadness=\count178
\last@try=\dimen275
\multicolovershoot=\dimen276
\multicolundershoot=\dimen277
\mult@nat@firstbox=\box79
\colbreak@box=\box80
\mc@col@check@num=\count179
){C:/Users/th3/AppData/Local/MiKTeX/2.9/pdftex/config/pdftex.map}{C:/Users/th3/
AppData/Roaming/MiKTeX/2.9/fonts/map/dvips/sansmathaccent/sansmathaccent.map

pdfTeX warning: pdflatex.exe (file C:/Users/th3/AppData/Roaming/MiKTeX/2.9/font
s/map/dvips/sansmathaccent/sansmathaccent.map): fontmap entry for `mathkerncmss
i8' already exists, duplicates ignored


pdfTeX warning: pdflatex.exe (file C:/Users/th3/AppData/Roaming/MiKTeX/2.9/font
s/map/dvips/sansmathaccent/sansmathaccent.map): fontmap entry for `mathkerncmss
i9' already exists, duplicates ignored


pdfTeX warning: pdflatex.exe (file C:/Users/th3/AppData/Roaming/MiKTeX/2.9/font
s/map/dvips/sansmathaccent/sansmathaccent.map): fontmap entry for `mathkerncmss
i10' already exists, duplicates ignored


pdfTeX warning: pdflatex.exe (file C:/Users/th3/AppData/Roaming/MiKTeX/2.9/font
s/map/dvips/sansmathaccent/sansmathaccent.map): fontmap entry for `mathkerncmss
i12' already exists, duplicates ignored


pdfTeX warning: pdflatex.exe (file C:/Users/th3/AppData/Roaming/MiKTeX/2.9/font
s/map/dvips/sansmathaccent/sansmathaccent.map): fontmap entry for `mathkerncmss
i17' already exists, duplicates ignored
} (C:\Users\th3\AppData\Roaming\MiKTeX\2.9\tex\latex\mathtools\mathtools.sty
Package: mathtools 2018/01/08 v1.21 mathematical typesetting tools

("C:\Program Files\MiKTeX 2.9\tex\latex\tools\calc.sty"
Package: calc 2014/10/28 v4.3 Infix arithmetic (KKT,FJ)
\calc@Acount=\count180
\calc@Bcount=\count181
\calc@Adimen=\dimen278
\calc@Bdimen=\dimen279
\calc@Askip=\skip65
\calc@Bskip=\skip66
LaTeX Info: Redefining \setlength on input line 80.
LaTeX Info: Redefining \addtolength on input line 81.
\calc@Ccount=\count182
\calc@Cskip=\skip67
)
(C:\Users\th3\AppData\Roaming\MiKTeX\2.9\tex\latex\mathtools\mhsetup.sty
Package: mhsetup 2017/03/31 v1.3 programming setup (MH)
)
LaTeX Info: Thecontrolsequence`\('isalreadyrobust on input line 129.
LaTeX Info: Thecontrolsequence`\)'isalreadyrobust on input line 129.
LaTeX Info: Thecontrolsequence`\['isalreadyrobust on input line 129.
LaTeX Info: Thecontrolsequence`\]'isalreadyrobust on input line 129.
\g_MT_multlinerow_int=\count183
\l_MT_multwidth_dim=\dimen280
\origjot=\skip68
\l_MT_shortvdotswithinadjustabove_dim=\dimen281
\l_MT_shortvdotswithinadjustbelow_dim=\dimen282
\l_MT_above_intertext_sep=\dimen283
\l_MT_below_intertext_sep=\dimen284
\l_MT_above_shortintertext_sep=\dimen285
\l_MT_below_shortintertext_sep=\dimen286
)
(C:\Users\th3\AppData\Roaming\MiKTeX\2.9\tex\latex\beamer\themes\theme\beamerth
emeWarsaw.sty
(C:\Users\th3\AppData\Roaming\MiKTeX\2.9\tex\latex\beamer\themes\inner\beamerin
nerthemerounded.sty)
(C:\Users\th3\AppData\Roaming\MiKTeX\2.9\tex\latex\beamer\themes\outer\beamerou
terthemeshadow.sty
(C:\Users\th3\AppData\Roaming\MiKTeX\2.9\tex\latex\beamer\themes\outer\beamerou
terthemesplit.sty))
(C:\Users\th3\AppData\Roaming\MiKTeX\2.9\tex\latex\beamer\themes\color\beamerco
lorthemeorchid.sty)
(C:\Users\th3\AppData\Roaming\MiKTeX\2.9\tex\latex\beamer\themes\color\beamerco
lorthemewhale.sty))
Package csquotes Info: Checking for multilingual support...
Package csquotes Info: ... found 'babel' package.
Package csquotes Info: Adjusting default style.
Package csquotes Info: Redefining alias 'default' -> 'english'.
 (Slides_Dec2018.aux

LaTeX Warning: Label `tfp_in_model' multiply defined.


LaTeX Warning: Label `table:estimated_parameters' multiply defined.

)
\openout1 = `Slides_Dec2018.aux'.

LaTeX Font Info:    Checking defaults for OML/cmm/m/it on input line 59.
LaTeX Font Info:    ... okay on input line 59.
LaTeX Font Info:    Checking defaults for T1/cmr/m/n on input line 59.
LaTeX Font Info:    ... okay on input line 59.
LaTeX Font Info:    Checking defaults for OT1/cmr/m/n on input line 59.
LaTeX Font Info:    ... okay on input line 59.
LaTeX Font Info:    Checking defaults for OMS/cmsy/m/n on input line 59.
LaTeX Font Info:    ... okay on input line 59.
LaTeX Font Info:    Checking defaults for OMX/cmex/m/n on input line 59.
LaTeX Font Info:    ... okay on input line 59.
LaTeX Font Info:    Checking defaults for U/cmr/m/n on input line 59.
LaTeX Font Info:    ... okay on input line 59.
LaTeX Font Info:    Checking defaults for PD1/pdf/m/n on input line 59.
LaTeX Font Info:    ... okay on input line 59.

*geometry* driver: auto-detecting
*geometry* detected driver: pdftex
*geometry* verbose mode - [ preamble ] result:
* driver: pdftex
* paper: custom
* layout: <same size as paper>
* layoutoffset:(h,v)=(0.0pt,0.0pt)
* modes: includehead includefoot 
* h-part:(L,W,R)=(14.22636pt, 315.8257pt, 34.1433pt)
* v-part:(T,H,B)=(0.0pt, 273.14662pt, 0.0pt)
* \paperwidth=364.19536pt
* \paperheight=273.14662pt
* \textwidth=315.8257pt
* \textheight=244.6939pt
* \oddsidemargin=-58.04362pt
* \evensidemargin=-58.04362pt
* \topmargin=-72.26999pt
* \headheight=14.22636pt
* \headsep=0.0pt
* \topskip=11.0pt
* \footskip=14.22636pt
* \marginparwidth=4.0pt
* \marginparsep=10.0pt
* \columnsep=10.0pt
* \skip\footins=10.0pt plus 4.0pt minus 2.0pt
* \hoffset=0.0pt
* \voffset=0.0pt
* \mag=1000
* \@twocolumnfalse
* \@twosidefalse
* \@mparswitchfalse
* \@reversemarginfalse
* (1in=72.27pt=25.4mm, 1cm=28.453pt)

(C:\Users\th3\AppData\Roaming\MiKTeX\2.9\tex\context\base\supp-pdf.mkii
[Loading MPS to PDF converter (version 2006.09.02).]
\scratchcounter=\count184
\scratchdimen=\dimen287
\scratchbox=\box81
\nofMPsegments=\count185
\nofMParguments=\count186
\everyMPshowfont=\toks50
\MPscratchCnt=\count187
\MPscratchDim=\dimen288
\MPnumerator=\count188
\makeMPintoPDFobject=\count189
\everyMPtoPDFconversion=\toks51
) ("C:\Program Files\MiKTeX 2.9\tex\latex\oberdiek\epstopdf-base.sty"
Package: epstopdf-base 2016/05/15 v2.6 Base part for package epstopdf

("C:\Program Files\MiKTeX 2.9\tex\latex\oberdiek\grfext.sty"
Package: grfext 2016/05/16 v1.2 Manage graphics extensions (HO)
)
Package epstopdf-base Info: Redefining graphics rule for `.eps' on input line 4
38.
Package grfext Info: Graphics extension search list:
(grfext)             [.png,.pdf,.jpg,.mps,.jpeg,.jbig2,.jb2,.PNG,.PDF,.JPG,.JPE
G,.JBIG2,.JB2,.eps]
(grfext)             \AppendGraphicsExtensions on input line 456.
)
ABD: EveryShipout initializing macros
\AtBeginShipoutBox=\box82
Package hyperref Info: Link coloring OFF on input line 59.

("C:\Program Files\MiKTeX 2.9\tex\latex\hyperref\nameref.sty"
Package: nameref 2016/05/21 v2.44 Cross-referencing by name of section

("C:\Program Files\MiKTeX 2.9\tex\generic\oberdiek\gettitlestring.sty"
Package: gettitlestring 2016/05/16 v1.5 Cleanup title references (HO)
)
\c@section@level=\count190
)
LaTeX Info: Redefining \ref on input line 59.
LaTeX Info: Redefining \pageref on input line 59.
LaTeX Info: Redefining \nameref on input line 59.

(Slides_Dec2018.out) (Slides_Dec2018.out)
\@outlinefile=\write5
\openout5 = `Slides_Dec2018.out'.

LaTeX Font Info:    Overwriting symbol font `operators' in version `normal'
(Font)                  OT1/cmr/m/n --> OT1/cmss/m/n on input line 59.
LaTeX Font Info:    Overwriting symbol font `operators' in version `bold'
(Font)                  OT1/cmr/bx/n --> OT1/cmss/bx/n on input line 59.
\symnumbers=\mathgroup6
\sympureletters=\mathgroup7
LaTeX Font Info:    Overwriting math alphabet `\mathrm' in version `normal'
(Font)                  OT1/cmss/m/n --> T1/cmr/m/n on input line 59.
LaTeX Font Info:    Redeclaring math alphabet \mathbf on input line 59.
LaTeX Font Info:    Overwriting math alphabet `\mathbf' in version `normal'
(Font)                  OT1/cmr/bx/n --> T1/cmss/bx/n on input line 59.
LaTeX Font Info:    Overwriting math alphabet `\mathbf' in version `bold'
(Font)                  OT1/cmr/bx/n --> T1/cmss/bx/n on input line 59.
LaTeX Font Info:    Redeclaring math alphabet \mathsf on input line 59.
LaTeX Font Info:    Overwriting math alphabet `\mathsf' in version `normal'
(Font)                  OT1/cmss/m/n --> T1/cmss/m/n on input line 59.
LaTeX Font Info:    Overwriting math alphabet `\mathsf' in version `bold'
(Font)                  OT1/cmss/bx/n --> T1/cmss/m/n on input line 59.
LaTeX Font Info:    Redeclaring math alphabet \mathit on input line 59.
LaTeX Font Info:    Overwriting math alphabet `\mathit' in version `normal'
(Font)                  OT1/cmr/m/it --> T1/cmss/m/it on input line 59.
LaTeX Font Info:    Overwriting math alphabet `\mathit' in version `bold'
(Font)                  OT1/cmr/bx/it --> T1/cmss/m/it on input line 59.
LaTeX Font Info:    Redeclaring math alphabet \mathtt on input line 59.
LaTeX Font Info:    Overwriting math alphabet `\mathtt' in version `normal'
(Font)                  OT1/cmtt/m/n --> T1/cmtt/m/n on input line 59.
LaTeX Font Info:    Overwriting math alphabet `\mathtt' in version `bold'
(Font)                  OT1/cmtt/m/n --> T1/cmtt/m/n on input line 59.
LaTeX Font Info:    Overwriting symbol font `numbers' in version `bold'
(Font)                  T1/cmss/m/n --> T1/cmss/bx/n on input line 59.
LaTeX Font Info:    Overwriting symbol font `pureletters' in version `bold'
(Font)                  T1/cmss/m/it --> T1/cmss/bx/it on input line 59.
LaTeX Font Info:    Overwriting math alphabet `\mathrm' in version `bold'
(Font)                  OT1/cmss/bx/n --> T1/cmr/bx/n on input line 59.
LaTeX Font Info:    Overwriting math alphabet `\mathbf' in version `bold'
(Font)                  T1/cmss/bx/n --> T1/cmss/bx/n on input line 59.
LaTeX Font Info:    Overwriting math alphabet `\mathsf' in version `bold'
(Font)                  T1/cmss/m/n --> T1/cmss/bx/n on input line 59.
LaTeX Font Info:    Overwriting math alphabet `\mathit' in version `bold'
(Font)                  T1/cmss/m/it --> T1/cmss/bx/it on input line 59.
LaTeX Font Info:    Overwriting math alphabet `\mathtt' in version `bold'
(Font)                  T1/cmtt/m/n --> T1/cmtt/bx/n on input line 59.
LaTeX Font Info:    Redeclaring symbol font `pureletters' on input line 59.
LaTeX Font Info:    Encoding `T1' has changed to `OT1' for symbol font
(Font)              `pureletters' in the math version `normal' on input line 59
.
LaTeX Font Info:    Overwriting symbol font `pureletters' in version `normal'
(Font)                  T1/cmss/m/it --> OT1/mathkerncmss/m/sl on input line 59
.
LaTeX Font Info:    Encoding `T1' has changed to `OT1' for symbol font
(Font)              `pureletters' in the math version `bold' on input line 59.
LaTeX Font Info:    Overwriting symbol font `pureletters' in version `bold'
(Font)                  T1/cmss/bx/it --> OT1/mathkerncmss/m/sl on input line 5
9.
LaTeX Font Info:    Overwriting symbol font `pureletters' in version `bold'
(Font)                  OT1/mathkerncmss/m/sl --> OT1/mathkerncmss/bx/sl on inp
ut line 59.

(C:\Users\th3\AppData\Roaming\MiKTeX\2.9\tex\latex\beamer\translator\dicts\tran
slator-basic-dictionary\translator-basic-dictionary-English.dict
Dictionary: translator-basic-dictionary, Language: English 
)
(C:\Users\th3\AppData\Roaming\MiKTeX\2.9\tex\latex\beamer\translator\dicts\tran
slator-bibliography-dictionary\translator-bibliography-dictionary-English.dict
Dictionary: translator-bibliography-dictionary, Language: English 
)
(C:\Users\th3\AppData\Roaming\MiKTeX\2.9\tex\latex\beamer\translator\dicts\tran
slator-environment-dictionary\translator-environment-dictionary-English.dict
Dictionary: translator-environment-dictionary, Language: English 
)
(C:\Users\th3\AppData\Roaming\MiKTeX\2.9\tex\latex\beamer\translator\dicts\tran
slator-months-dictionary\translator-months-dictionary-English.dict
Dictionary: translator-months-dictionary, Language: English 
)
(C:\Users\th3\AppData\Roaming\MiKTeX\2.9\tex\latex\beamer\translator\dicts\tran
slator-numbers-dictionary\translator-numbers-dictionary-English.dict
Dictionary: translator-numbers-dictionary, Language: English 
)
(C:\Users\th3\AppData\Roaming\MiKTeX\2.9\tex\latex\beamer\translator\dicts\tran
slator-theorem-dictionary\translator-theorem-dictionary-English.dict
Dictionary: translator-theorem-dictionary, Language: English 
)
Package caption Info: Begin \AtBeginDocument code.
Package caption Info: float package is loaded.
Package caption Info: subfigure package is loaded.
Package caption Info: End \AtBeginDocument code.

(Slides_Dec2018.nav) [1

]
LaTeX Font Info:    Try loading font information for U+msa on input line 104.

("C:\Program Files\MiKTeX 2.9\tex\latex\amsfonts\umsa.fd"
File: umsa.fd 2013/01/14 v3.01 AMS symbols A
)
LaTeX Font Info:    Try loading font information for U+msb on input line 104.

("C:\Program Files\MiKTeX 2.9\tex\latex\amsfonts\umsb.fd"
File: umsb.fd 2013/01/14 v3.01 AMS symbols B
)
LaTeX Font Info:    Try loading font information for OT1+mathkerncmss on input 
line 104.

(C:\Users\th3\AppData\Roaming\MiKTeX\2.9\tex\latex\sansmathaccent\ot1mathkerncm
ss.fd
File: ot1mathkerncmss.fd 2013/03/27 Fontinst v1.933 font definitions for OT1/ma
thkerncmss.
) [2

] [3

] [4

] (Slides_Dec2018.toc) [5

] [6

] [7

] [8

]
<../Draft_Summer2018/MainFigures/fig_ICT_Shock_on_TFP_empirical_noH.png, id=290
, 1172.12906pt x 688.07062pt>
File: ../Draft_Summer2018/MainFigures/fig_ICT_Shock_on_TFP_empirical_noH.png Gr
aphic file (type png)

<use ../Draft_Summer2018/MainFigures/fig_ICT_Shock_on_TFP_empirical_noH.png>
Package pdftex.def Info: ../Draft_Summer2018/MainFigures/fig_ICT_Shock_on_TFP_e
mpirical_noH.png used on input line 282.
(pdftex.def)             Requested size: 293.03154pt x 172.01723pt.

[9

 <../Draft_Summer2018/MainFigures/fig_ICT_Shock_on_TFP_empirical_noH.png (PNG c
opy)>]
<../Draft_Summer2018/MainFigures/fig_ICT_Shock_on_Real_ICT_Investment_empirical
_noH.png, id=320, 1224.07312pt x 688.07062pt>
File: ../Draft_Summer2018/MainFigures/fig_ICT_Shock_on_Real_ICT_Investment_empi
rical_noH.png Graphic file (type png)

<use ../Draft_Summer2018/MainFigures/fig_ICT_Shock_on_Real_ICT_Investment_empir
ical_noH.png>
Package pdftex.def Info: ../Draft_Summer2018/MainFigures/fig_ICT_Shock_on_Real_
ICT_Investment_empirical_noH.png used on input line 305.
(pdftex.def)             Requested size: 144.54pt x 81.24202pt.

<../Draft_Summer2018/MainFigures/fig_ICT_Shock_on_Real_GDP_empirical_noH.png, i
d=321, 1159.33125pt x 688.07062pt>
File: ../Draft_Summer2018/MainFigures/fig_ICT_Shock_on_Real_GDP_empirical_noH.p
ng Graphic file (type png)

<use ../Draft_Summer2018/MainFigures/fig_ICT_Shock_on_Real_GDP_empirical_noH.pn
g>
Package pdftex.def Info: ../Draft_Summer2018/MainFigures/fig_ICT_Shock_on_Real_
GDP_empirical_noH.png used on input line 305.
(pdftex.def)             Requested size: 144.54pt x 85.77763pt.

<../Draft_Summer2018/MainFigures/fig_ICT_Shock_on_Real_Consumption_empirical_no
H.png, id=322, 1159.33125pt x 688.07062pt>
File: ../Draft_Summer2018/MainFigures/fig_ICT_Shock_on_Real_Consumption_empiric
al_noH.png Graphic file (type png)

<use ../Draft_Summer2018/MainFigures/fig_ICT_Shock_on_Real_Consumption_empirica
l_noH.png>
Package pdftex.def Info: ../Draft_Summer2018/MainFigures/fig_ICT_Shock_on_Real_
Consumption_empirical_noH.png used on input line 305.
(pdftex.def)             Requested size: 144.54pt x 85.77763pt.

<../Draft_Summer2018/MainFigures/fig_ICT_Shock_on_Relative_Price_empirical_noH.
png, id=323, 1183.42125pt x 688.07062pt>
File: ../Draft_Summer2018/MainFigures/fig_ICT_Shock_on_Relative_Price_empirical
_noH.png Graphic file (type png)

<use ../Draft_Summer2018/MainFigures/fig_ICT_Shock_on_Relative_Price_empirical_
noH.png>
Package pdftex.def Info: ../Draft_Summer2018/MainFigures/fig_ICT_Shock_on_Relat
ive_Price_empirical_noH.png used on input line 305.
(pdftex.def)             Requested size: 144.54pt x 84.03477pt.
 [10

 <../Draft_Summer2018/MainFigures/fig_ICT_Shock_on_Real_ICT_Investment_empirica
l_noH.png (PNG copy)> <../Draft_Summer2018/MainFigures/fig_ICT_Shock_on_Real_GD
P_empirical_noH.png (PNG copy)> <../Draft_Summer2018/MainFigures/fig_ICT_Shock_
on_Real_Consumption_empirical_noH.png (PNG copy)> <../Draft_Summer2018/MainFigu
res/fig_ICT_Shock_on_Relative_Price_empirical_noH.png (PNG copy)>]
Overfull \hbox (19.46475pt too wide) in paragraph at lines 331--331
 [] 
 []

[11

] [12

]
<../Draft_Summer2018/MainFigures/Removing_FLVariables.png, id=415, 1135.99406pt
 x 647.41875pt>
File: ../Draft_Summer2018/MainFigures/Removing_FLVariables.png Graphic file (ty
pe png)
 <use ../Draft_Summer2018/MainFigures/Removing_FLVariables.png>
Package pdftex.def Info: ../Draft_Summer2018/MainFigures/Removing_FLVariables.p
ng used on input line 362.
(pdftex.def)             Requested size: 328.82872pt x 187.40086pt.

Overfull \hbox (13.00302pt too wide) in paragraph at lines 362--362
 [] 
 []

[13

 <../Draft_Summer2018/MainFigures/Removing_FLVariables.png (PNG copy)>]
[14

] (Slides_Dec2018.toc) [15

] [16

] [17

] [18

] [19

]
Overfull \hbox (4.21384pt too wide) in paragraph at lines 539--539
 [] 
 []

[20

]
<../Draft_Summer2018/MainFigures/fig_ICT_Shock_on_TFP_IRmatching_together.png, 
id=656, 1162.3425pt x 681.29532pt>
File: ../Draft_Summer2018/MainFigures/fig_ICT_Shock_on_TFP_IRmatching_together.
png Graphic file (type png)

<use ../Draft_Summer2018/MainFigures/fig_ICT_Shock_on_TFP_IRmatching_together.p
ng>
Package pdftex.def Info: ../Draft_Summer2018/MainFigures/fig_ICT_Shock_on_TFP_I
Rmatching_together.png used on input line 557.
(pdftex.def)             Requested size: 144.54pt x 84.71468pt.

<../Draft_Summer2018/MainFigures/fig_ICT_Shock_on_ICTI_IRmatching_together.png,
 id=657, 1181.91562pt x 681.29532pt>
File: ../Draft_Summer2018/MainFigures/fig_ICT_Shock_on_ICTI_IRmatching_together
.png Graphic file (type png)

<use ../Draft_Summer2018/MainFigures/fig_ICT_Shock_on_ICTI_IRmatching_together.
png>
Package pdftex.def Info: ../Draft_Summer2018/MainFigures/fig_ICT_Shock_on_ICTI_
IRmatching_together.png used on input line 557.
(pdftex.def)             Requested size: 144.54pt x 83.31126pt.

<../Draft_Summer2018/MainFigures/fig_ICT_Shock_on_C_IRmatching_together.png, id
=658, 1193.96063pt x 681.29532pt>
File: ../Draft_Summer2018/MainFigures/fig_ICT_Shock_on_C_IRmatching_together.pn
g Graphic file (type png)

<use ../Draft_Summer2018/MainFigures/fig_ICT_Shock_on_C_IRmatching_together.png
>
Package pdftex.def Info: ../Draft_Summer2018/MainFigures/fig_ICT_Shock_on_C_IRm
atching_together.png used on input line 557.
(pdftex.def)             Requested size: 144.54pt x 82.46921pt.

<../Draft_Summer2018/MainFigures/fig_ICT_Shock_on_RP_IRmatching_together.png, i
d=659, 1171.37625pt x 681.29532pt>
File: ../Draft_Summer2018/MainFigures/fig_ICT_Shock_on_RP_IRmatching_together.p
ng Graphic file (type png)

<use ../Draft_Summer2018/MainFigures/fig_ICT_Shock_on_RP_IRmatching_together.pn
g>
Package pdftex.def Info: ../Draft_Summer2018/MainFigures/fig_ICT_Shock_on_RP_IR
matching_together.png used on input line 557.
(pdftex.def)             Requested size: 144.54pt x 84.05975pt.
 [21

 <../Draft_Summer2018/MainFigures/fig_ICT_Shock_on_TFP_IRmatching_together.png 
(PNG copy)> <../Draft_Summer2018/MainFigures/fig_ICT_Shock_on_ICTI_IRmatching_t
ogether.png (PNG copy)> <../Draft_Summer2018/MainFigures/fig_ICT_Shock_on_C_IRm
atching_together.png (PNG copy)> <../Draft_Summer2018/MainFigures/fig_ICT_Shock
_on_RP_IRmatching_together.png (PNG copy)>] [22

] [23

]
<../../Figures/fig_RD_level_macrolunch_30-Nov-2017_11_31_04.pdf, id=744, 1209.5
1875pt x 633.3964pt>
File: ../../Figures/fig_RD_level_macrolunch_30-Nov-2017_11_31_04.pdf Graphic fi
le (type pdf)

<use ../../Figures/fig_RD_level_macrolunch_30-Nov-2017_11_31_04.pdf>
Package pdftex.def Info: ../../Figures/fig_RD_level_macrolunch_30-Nov-2017_11_3
1_04.pdf used on input line 622.
(pdftex.def)             Requested size: 338.66295pt x 177.34978pt.

Overfull \hbox (22.83725pt too wide) in paragraph at lines 622--622
 [] 
 []

[24

 <../../Figures/fig_RD_level_macrolunch_30-Nov-2017_11_31_04.pdf>]
<../../Figures/fig_IT_level_macrolunch_30-Nov-2017_11_37_26.pdf, id=778, 1163.5
9718pt x 633.3964pt>
File: ../../Figures/fig_IT_level_macrolunch_30-Nov-2017_11_37_26.pdf Graphic fi
le (type pdf)

<use ../../Figures/fig_IT_level_macrolunch_30-Nov-2017_11_37_26.pdf>
Package pdftex.def Info: ../../Figures/fig_IT_level_macrolunch_30-Nov-2017_11_3
7_26.pdf used on input line 641.
(pdftex.def)             Requested size: 337.43454pt x 183.68024pt.

Overfull \hbox (21.60884pt too wide) in paragraph at lines 641--641
 [] 
 []

[25

 <../../Figures/fig_IT_level_macrolunch_30-Nov-2017_11_37_26.pdf>] [26

]
[27

]
<../../Figures/fig_ICT_Shock_on_TFPUtil_empirical_fullEconomy.png, id=872, 1172
.12906pt x 688.07062pt>
File: ../../Figures/fig_ICT_Shock_on_TFPUtil_empirical_fullEconomy.png Graphic 
file (type png)

<use ../../Figures/fig_ICT_Shock_on_TFPUtil_empirical_fullEconomy.png>
Package pdftex.def Info: ../../Figures/fig_ICT_Shock_on_TFPUtil_empirical_fullE
conomy.png used on input line 721.
(pdftex.def)             Requested size: 293.03154pt x 172.01723pt.
 [28

 <../../Figures/fig_ICT_Shock_on_TFPUtil_empirical_fullEconomy.png (PNG copy)>]

<../../Figures/fig_ICT_Shock_on_Consumption_empirical_fullEconomy.png, id=902, 
1172.12906pt x 688.07062pt>
File: ../../Figures/fig_ICT_Shock_on_Consumption_empirical_fullEconomy.png Grap
hic file (type png)

<use ../../Figures/fig_ICT_Shock_on_Consumption_empirical_fullEconomy.png>
Package pdftex.def Info: ../../Figures/fig_ICT_Shock_on_Consumption_empirical_f
ullEconomy.png used on input line 746.
(pdftex.def)             Requested size: 108.405pt x 63.63503pt.

<../../Figures/fig_ICT_Shock_on_GDP_empirical_fullEconomy.png, id=903, 1167.612
18pt x 688.07062pt>
File: ../../Figures/fig_ICT_Shock_on_GDP_empirical_fullEconomy.png Graphic file
 (type png)

<use ../../Figures/fig_ICT_Shock_on_GDP_empirical_fullEconomy.png>
Package pdftex.def Info: ../../Figures/fig_ICT_Shock_on_GDP_empirical_fullEcono
my.png used on input line 746.
(pdftex.def)             Requested size: 108.405pt x 63.87651pt.

<../../Figures/fig_ICT_Shock_on_Hours_empirical_fullEconomy.png, id=904, 1167.6
1218pt x 688.07062pt>
File: ../../Figures/fig_ICT_Shock_on_Hours_empirical_fullEconomy.png Graphic fi
le (type png)

<use ../../Figures/fig_ICT_Shock_on_Hours_empirical_fullEconomy.png>
Package pdftex.def Info: ../../Figures/fig_ICT_Shock_on_Hours_empirical_fullEco
nomy.png used on input line 746.
(pdftex.def)             Requested size: 108.405pt x 63.87651pt.

<../../Figures/fig_ICT_Shock_on_ICTInvestment_empirical_fullEconomy.png, id=905
, 1221.81468pt x 688.07062pt>
File: ../../Figures/fig_ICT_Shock_on_ICTInvestment_empirical_fullEconomy.png Gr
aphic file (type png)

<use ../../Figures/fig_ICT_Shock_on_ICTInvestment_empirical_fullEconomy.png>
Package pdftex.def Info: ../../Figures/fig_ICT_Shock_on_ICTInvestment_empirical
_fullEconomy.png used on input line 746.
(pdftex.def)             Requested size: 108.405pt x 61.04175pt.

<../../Figures/fig_ICT_Shock_on_Investment_empirical_fullEconomy.png, id=906, 1
221.81468pt x 688.07062pt>
File: ../../Figures/fig_ICT_Shock_on_Investment_empirical_fullEconomy.png Graph
ic file (type png)

<use ../../Figures/fig_ICT_Shock_on_Investment_empirical_fullEconomy.png>
Package pdftex.def Info: ../../Figures/fig_ICT_Shock_on_Investment_empirical_fu
llEconomy.png used on input line 746.
(pdftex.def)             Requested size: 108.405pt x 61.04175pt.

<../../Figures/fig_ICT_Shock_on_RelativePriceICT_empirical_fullEconomy.png, id=
907, 1167.61218pt x 688.07062pt>
File: ../../Figures/fig_ICT_Shock_on_RelativePriceICT_empirical_fullEconomy.png
 Graphic file (type png)

<use ../../Figures/fig_ICT_Shock_on_RelativePriceICT_empirical_fullEconomy.png>
Package pdftex.def Info: ../../Figures/fig_ICT_Shock_on_RelativePriceICT_empiri
cal_fullEconomy.png used on input line 746.
(pdftex.def)             Requested size: 108.405pt x 63.87651pt.

Overfull \vbox (9.8314pt too high) detected at line 746
 []

[29

 <../../Figures/fig_ICT_Shock_on_Consumption_empirical_fullEconomy.png (PNG cop
y)> <../../Figures/fig_ICT_Shock_on_GDP_empirical_fullEconomy.png (PNG copy)> <
../../Figures/fig_ICT_Shock_on_Hours_empirical_fullEconomy.png (PNG copy)> <../
../Figures/fig_ICT_Shock_on_ICTInvestment_empirical_fullEconomy.png (PNG copy)>
 <../../Figures/fig_ICT_Shock_on_Investment_empirical_fullEconomy.png (PNG copy
)> <../../Figures/fig_ICT_Shock_on_RelativePriceICT_empirical_fullEconomy.png (
PNG copy)>] [30

] [31

]
Overfull \vbox (22.04343pt too high) detected at line 858
 []

[32

] [33

]pdfTeX warning (ext4): destination with the same identifier (name{tfp_in_model
}) has been already used, duplicate ignored
<to be read again> 
                   \relax 
l.920 \end{frame}
                  [34

]pdfTeX warning (ext4): destination with the same identifier (name{table:estima
ted_parameters}) has been already used, duplicate ignored
<to be read again> 
                   \relax 
l.964 \end{frame}
                 
Overfull \hbox (12.41429pt too wide) in paragraph at lines 964--964
 [] 
 []


Overfull \vbox (1.30339pt too high) detected at line 964
 []

[35

]
\tf@nav=\write6
\openout6 = `Slides_Dec2018.nav'.

\tf@toc=\write7
\openout7 = `Slides_Dec2018.toc'.

\tf@snm=\write8
\openout8 = `Slides_Dec2018.snm'.

Package atveryend Info: Empty hook `BeforeClearDocument' on input line 969.
Package atveryend Info: Empty hook `AfterLastShipout' on input line 969.
 (Slides_Dec2018.aux)
Package atveryend Info: Executing hook `AtVeryEndDocument' on input line 969.
Package atveryend Info: Executing hook `AtEndAfterFileList' on input line 969.
Package rerunfilecheck Info: File `Slides_Dec2018.out' has not changed.
(rerunfilecheck)             Checksum: B43298AC77B06E3C5E589DD04963CD9A;101.


LaTeX Warning: There were multiply-defined labels.

 ) 
Here is how much of TeX's memory you used:
 20625 strings out of 493323
 392713 string characters out of 3139072
 482334 words of memory out of 3000000
 23549 multiletter control sequences out of 15000+200000
 30768 words of font info for 82 fonts, out of 3000000 for 9000
 1141 hyphenation exceptions out of 8191
 56i,19n,64p,810b,701s stack positions out of 5000i,500n,10000p,200000b,50000s
pdfTeX warning (dest): name{Navigation36} has been referenced but does not ex
ist, replaced by a fixed one

 <C:\Users\th3\AppData\Local\MiKTeX\2.9\fonts\pk\ljfour\jknappen\ec\dpi600\ecss
0500.pk> <C:\Users\th3\AppData\Local\MiKTeX\2.9\fonts\pk\ljfour\jknappen\ec\dpi
600\ecss0900.pk> <C:\Users\th3\AppData\Local\MiKTeX\2.9\fonts\pk\ljfour\jknappe
n\ec\dpi600\ecsx0800.pk> <C:\Users\th3\AppData\Local\MiKTeX\2.9\fonts\pk\ljfour
\jknappen\ec\dpi600\ecsx1095.pk> <C:\Users\th3\AppData\Local\MiKTeX\2.9\fonts\p
k\ljfour\jknappen\ec\dpi600\ecss1000.pk> <C:\Users\th3\AppData\Local\MiKTeX\2.9
\fonts\pk\ljfour\jknappen\ec\dpi600\ecss0800.pk> <C:\Users\th3\AppData\Local\Mi
KTeX\2.9\fonts\pk\ljfour\jknappen\ec\dpi600\ecss1095.pk> <C:\Users\th3\AppData\
Local\MiKTeX\2.9\fonts\pk\ljfour\jknappen\ec\dpi600\ecss1440.pk> <C:\Users\th3\
AppData\Local\MiKTeX\2.9\fonts\pk\ljfour\jknappen\ec\dpi600\ecss0600.pk><C:/Pro
gram Files/MiKTeX 2.9/fonts/type1/public/amsfonts/cm/cmex10.pfb><C:/Program Fil
es/MiKTeX 2.9/fonts/type1/public/amsfonts/cm/cmmi10.pfb><C:/Program Files/MiKTe
X 2.9/fonts/type1/public/amsfonts/cm/cmmi12.pfb><C:/Program Files/MiKTeX 2.9/fo
nts/type1/public/amsfonts/cm/cmmi6.pfb><C:/Program Files/MiKTeX 2.9/fonts/type1
/public/amsfonts/cm/cmmi8.pfb><C:/Program Files/MiKTeX 2.9/fonts/type1/public/a
msfonts/cm/cmmi9.pfb><C:/Program Files/MiKTeX 2.9/fonts/type1/public/amsfonts/c
m/cmss10.pfb><C:/Program Files/MiKTeX 2.9/fonts/type1/public/amsfonts/cm/cmss8.
pfb><C:/Program Files/MiKTeX 2.9/fonts/type1/public/amsfonts/cm/cmss9.pfb><C:/P
rogram Files/MiKTeX 2.9/fonts/type1/public/amsfonts/cm/cmssi10.pfb><C:/Program 
Files/MiKTeX 2.9/fonts/type1/public/amsfonts/cm/cmssi8.pfb><C:/Program Files/Mi
KTeX 2.9/fonts/type1/public/amsfonts/cm/cmssi9.pfb><C:/Program Files/MiKTeX 2.9
/fonts/type1/public/amsfonts/cm/cmsy10.pfb><C:/Program Files/MiKTeX 2.9/fonts/t
ype1/public/amsfonts/cm/cmsy6.pfb><C:/Program Files/MiKTeX 2.9/fonts/type1/publ
ic/amsfonts/cm/cmsy8.pfb>
Output written on Slides_Dec2018.pdf (35 pages, 1371769 bytes).
PDF statistics:
 1525 PDF objects out of 1728 (max. 8388607)
 93 named destinations out of 1000 (max. 500000)
 208 words of extra memory for PDF output out of 10000 (max. 10000000)

